c:\users\23988\source\repos\findthesamestr\findthesamestr\x64\release\findthesamestr.obj
c:\users\23988\source\repos\findthesamestr\findthesamestr\x64\release\main.obj
c:\users\23988\source\repos\findthesamestr\findthesamestr\x64\release\qrc_findthesamestr.obj
c:\users\23988\source\repos\findthesamestr\findthesamestr\x64\release\moc_findthesamestr.obj
c:\users\23988\source\repos\findthesamestr\findthesamestr\x64\release\uic\ui_findthesamestr.h
c:\users\23988\source\repos\findthesamestr\findthesamestr\x64\release\rcc\qrc_findthesamestr.cpp
c:\users\23988\source\repos\findthesamestr\findthesamestr\x64\release\moc\moc_findthesamestr.cpp
c:\users\23988\source\repos\findthesamestr\x64\release\findthesamestr.exe
c:\users\23988\source\repos\findthesamestr\findthesamestr\x64\release\\moc\moc_findthesamestr.cpp
c:\users\23988\source\repos\findthesamestr\findthesamestr\x64\release\\rcc\qrc_findthesamestr.cpp
c:\users\23988\source\repos\findthesamestr\findthesamestr\x64\release\\uic\ui_findthesamestr.h
f:\github\findthesamestr\findthesamestr\x64\release\findthesamestr.tlog\cl.13808.write.1.tlog
f:\github\findthesamestr\findthesamestr\x64\release\findthesamestr.tlog\cl.command.1.tlog
f:\github\findthesamestr\findthesamestr\x64\release\findthesamestr.tlog\cl.read.1.tlog
f:\github\findthesamestr\findthesamestr\x64\release\findthesamestr.tlog\findthesamestr.write.1u.tlog
f:\github\findthesamestr\findthesamestr\x64\release\findthesamestr.tlog\link.command.1.tlog
f:\github\findthesamestr\findthesamestr\x64\release\findthesamestr.tlog\link.read.1.tlog
f:\github\findthesamestr\findthesamestr\x64\release\findthesamestr.tlog\link.write.1.tlog
f:\github\findthesamestr\findthesamestr\x64\release\findthesamestr.tlog\moc.read.1u.tlog
f:\github\findthesamestr\findthesamestr\x64\release\findthesamestr.tlog\moc.write.1u.tlog
f:\github\findthesamestr\findthesamestr\x64\release\findthesamestr.tlog\rcc.read.1u.tlog
f:\github\findthesamestr\findthesamestr\x64\release\findthesamestr.tlog\rcc.write.1u.tlog
f:\github\findthesamestr\findthesamestr\x64\release\findthesamestr.tlog\uic.read.1u.tlog
f:\github\findthesamestr\findthesamestr\x64\release\findthesamestr.tlog\uic.write.1u.tlog
